SF:lib/models/apis/api_response.dart
DA:6,1
DA:8,1
DA:10,1
DA:12,0
DA:14,0
DA:16,0
LF:6
LH:3
end_of_record
SF:lib/models/magazine_model.dart
DA:2,1
DA:3,2
DA:4,2
DA:5,2
DA:6,2
DA:9,2
DA:15,1
DA:16,1
DA:17,2
DA:18,2
DA:19,2
DA:20,2
LF:12
LH:12
end_of_record
SF:lib/repository/magazine_repository.dart
DA:5,0
DA:9,1
DA:12,1
DA:14,2
DA:15,4
LF:5
LH:4
end_of_record
SF:lib/view_model/magazine_view_model.dart
DA:7,1
DA:13,1
DA:14,1
DA:17,1
DA:18,1
DA:21,1
DA:22,2
DA:23,1
DA:25,2
DA:26,2
DA:28,0
DA:29,0
DA:31,1
DA:34,1
DA:35,1
DA:36,1
LF:16
LH:14
end_of_record
SF:lib/services/magazine_service.dart
DA:4,0
DA:11,0
DA:13,0
DA:14,0
LF:4
LH:0
end_of_record
SF:lib/widgets/card_item.dart
DA:4,1
DA:7,1
DA:9,1
DA:11,1
DA:12,1
DA:15,1
DA:16,1
DA:17,4
DA:18,4
DA:19,1
DA:20,1
DA:21,1
LF:12
LH:12
end_of_record
